[debug] [2026-02-04T19:27:25.266Z] ----------------------------------------------------------------------
[debug] [2026-02-04T19:27:25.268Z] Command:       C:\Program Files\nodejs\node.exe C:\Users\user\AppData\Roaming\npm\node_modules\firebase-tools\lib\bin\firebase.js init
[debug] [2026-02-04T19:27:25.269Z] CLI Version:   15.5.1
[debug] [2026-02-04T19:27:25.269Z] Platform:      win32
[debug] [2026-02-04T19:27:25.269Z] Node Version:  v24.13.0
[debug] [2026-02-04T19:27:25.269Z] Time:          Wed Feb 04 2026 23:27:25 GMT+0400 (Azerbaijan Standard Time)
[debug] [2026-02-04T19:27:25.269Z] ----------------------------------------------------------------------
[debug] 
[info] 
     ######## #### ########  ######## ########     ###     ######  ########
     ##        ##  ##     ## ##       ##     ##  ##   ##  ##       ##
     ######    ##  ########  ######   ########  #########  ######  ######
     ##        ##  ##    ##  ##       ##     ## ##     ##       ## ##
     ##       #### ##     ## ######## ########  ##     ##  ######  ########

You're about to initialize a Firebase project in this directory:

  C:\Users\user\OneDrive\Desktop

Before we get started, keep in mind:

  * You are initializing within an existing Firebase project directory

[debug] [2026-02-04T19:27:41.155Z] ExitPromptError: User force closed the prompt with SIGINT
    at Interface.sigint (C:\Users\user\AppData\Roaming\npm\node_modules\firebase-tools\node_modules\@inquirer\core\dist\commonjs\lib\create-prompt.js:101:37)
    at Interface.emit (node:events:508:28)
    at [_ttyWrite] [as _ttyWrite] (node:internal/readline/interface:1327:18)
    at ReadStream.onkeypress (node:internal/readline/interface:284:20)
    at ReadStream.emit (node:events:520:35)
    at emitKeys (node:internal/readline/utils:371:14)
    at emitKeys.next (<anonymous>)
    at ReadStream.onData (node:internal/readline/emitKeypressEvents:64:36)
    at ReadStream.emit (node:events:508:28)
    at addChunk (node:internal/streams/readable:559:12)
[error] 
[error] Error: An unexpected error has occurred.
